<?xml version="1.0" encoding="UTF-8"?>
<!-- Generated by org.testng.reporters.JUnitXMLReporter -->
<testsuite ignored="0" hostname="Madhus-MacBook-Air.local" failures="1" tests="4" name="Sales Force Test Case" time="12.676" errors="0" timestamp="2024-12-15T22:58:49 GMT-06:00">
  <testcase classname="com.salesforce.testcases.SFDCLoginTestCases" name="PasswordFeildEmptyTest" time="0.886"/>
  <testcase classname="com.salesforce.testcases.SFDCLoginTestCases" name="ValidLoginTest" time="1.889">
    <failure type="java.lang.AssertionError" message=" expected [Home Page ~ Salesforce - Developer Edition] but found []">
      <![CDATA[java.lang.AssertionError:  expected [Home Page ~ Salesforce - Developer Edition] but found []
at com.salesforce.testcases.SFDCLoginTestCases.ValidLoginTest(SFDCLoginTestCases.java:60)
at java.base/java.util.ArrayList.forEach(ArrayList.java:1596)
... Removed 34 stack frames]]>
    </failure>
  </testcase> <!-- ValidLoginTest -->
  <testcase classname="com.salesforce.testcases.SFDCLoginTestCases" name="RemberMeChkBoxTest" time="3.393"/>
  <testcase classname="com.salesforce.testcases.SFDCLoginTestCases" name="CheckforIncorrectCrdentials" time="0.259"/>
</testsuite> <!-- Sales Force Test Case -->
