<?xml version="1.0" encoding="UTF-8"?>
<testng-results ignored="0" total="4" passed="3" failed="1" skipped="0">
  <reporter-output>
  </reporter-output>
  <suite started-at="2024-12-15T22:58:37 GMT-06:00" name="Sales Force Test Automation Suite" finished-at="2024-12-15T22:58:49 GMT-06:00" duration-ms="12676">
    <groups>
    </groups>
    <test started-at="2024-12-15T22:58:37 GMT-06:00" name="Sales Force Test Case" finished-at="2024-12-15T22:58:49 GMT-06:00" duration-ms="12676">
      <class name="com.salesforce.testcases.SFDCLoginTestCases">
        <test-method is-config="true" signature="BrowserLaunch()[pri:0, instance:com.salesforce.testcases.SFDCLoginTestCases@48793bef]" started-at="2024-12-15T22:58:37 GMT-06:00" name="BrowserLaunch" finished-at="2024-12-15T22:58:38 GMT-06:00" duration-ms="1633" status="PASS">
          <reporter-output>
          </reporter-output>
        </test-method> <!-- BrowserLaunch -->
        <test-method signature="PasswordFeildEmptyTest()[pri:1, instance:com.salesforce.testcases.SFDCLoginTestCases@48793bef]" started-at="2024-12-15T22:58:38 GMT-06:00" name="PasswordFeildEmptyTest" finished-at="2024-12-15T22:58:39 GMT-06:00" duration-ms="886" status="PASS">
          <reporter-output>
          </reporter-output>
        </test-method> <!-- PasswordFeildEmptyTest -->
        <test-method is-config="true" signature="tearDown()[pri:0, instance:com.salesforce.testcases.SFDCLoginTestCases@48793bef]" started-at="2024-12-15T22:58:39 GMT-06:00" name="tearDown" finished-at="2024-12-15T22:58:39 GMT-06:00" duration-ms="84" status="PASS">
          <reporter-output>
          </reporter-output>
        </test-method> <!-- tearDown -->
        <test-method is-config="true" signature="BrowserLaunch()[pri:0, instance:com.salesforce.testcases.SFDCLoginTestCases@48793bef]" started-at="2024-12-15T22:58:39 GMT-06:00" name="BrowserLaunch" finished-at="2024-12-15T22:58:41 GMT-06:00" duration-ms="1604" status="PASS">
          <reporter-output>
          </reporter-output>
        </test-method> <!-- BrowserLaunch -->
        <test-method signature="ValidLoginTest()[pri:2, instance:com.salesforce.testcases.SFDCLoginTestCases@48793bef]" started-at="2024-12-15T22:58:41 GMT-06:00" name="ValidLoginTest" finished-at="2024-12-15T22:58:43 GMT-06:00" duration-ms="1889" status="FAIL">
          <exception class="java.lang.AssertionError">
            <message>
              <![CDATA[ expected [Home Page ~ Salesforce - Developer Edition] but found []]]>
            </message>
            <full-stacktrace>
              <![CDATA[java.lang.AssertionError:  expected [Home Page ~ Salesforce - Developer Edition] but found []
at org.testng.Assert.fail(Assert.java:99)
at org.testng.Assert.failNotEquals(Assert.java:1037)
at org.testng.Assert.assertEqualsImpl(Assert.java:140)
at org.testng.Assert.assertEquals(Assert.java:122)
at org.testng.Assert.assertEquals(Assert.java:629)
at com.salesforce.testcases.SFDCLoginTestCases.ValidLoginTest(SFDCLoginTestCases.java:60)
at java.base/jdk.internal.reflect.DirectMethodHandleAccessor.invoke(DirectMethodHandleAccessor.java:103)
at java.base/java.lang.reflect.Method.invoke(Method.java:580)
at org.testng.internal.MethodInvocationHelper.invokeMethod(MethodInvocationHelper.java:133)
at org.testng.internal.TestInvoker.invokeMethod(TestInvoker.java:598)
at org.testng.internal.TestInvoker.invokeTestMethod(TestInvoker.java:173)
at org.testng.internal.MethodRunner.runInSequence(MethodRunner.java:46)
at org.testng.internal.TestInvoker$MethodInvocationAgent.invoke(TestInvoker.java:824)
at org.testng.internal.TestInvoker.invokeTestMethods(TestInvoker.java:146)
at org.testng.internal.TestMethodWorker.invokeTestMethods(TestMethodWorker.java:146)
at org.testng.internal.TestMethodWorker.run(TestMethodWorker.java:128)
at java.base/java.util.ArrayList.forEach(ArrayList.java:1596)
at org.testng.TestRunner.privateRun(TestRunner.java:794)
at org.testng.TestRunner.run(TestRunner.java:596)
at org.testng.SuiteRunner.runTest(SuiteRunner.java:377)
at org.testng.SuiteRunner.runSequentially(SuiteRunner.java:371)
at org.testng.SuiteRunner.privateRun(SuiteRunner.java:332)
at org.testng.SuiteRunner.run(SuiteRunner.java:276)
at org.testng.SuiteRunnerWorker.runSuite(SuiteRunnerWorker.java:53)
at org.testng.SuiteRunnerWorker.run(SuiteRunnerWorker.java:96)
at org.testng.TestNG.runSuitesSequentially(TestNG.java:1212)
at org.testng.TestNG.runSuitesLocally(TestNG.java:1134)
at org.testng.TestNG.runSuites(TestNG.java:1063)
at org.testng.TestNG.run(TestNG.java:1031)
at org.apache.maven.surefire.testng.TestNGExecutor.run(TestNGExecutor.java:308)
at org.apache.maven.surefire.testng.TestNGXmlTestSuite.execute(TestNGXmlTestSuite.java:71)
at org.apache.maven.surefire.testng.TestNGProvider.invoke(TestNGProvider.java:113)
at org.apache.maven.surefire.booter.ForkedBooter.runSuitesInProcess(ForkedBooter.java:385)
at org.apache.maven.surefire.booter.ForkedBooter.execute(ForkedBooter.java:162)
at org.apache.maven.surefire.booter.ForkedBooter.run(ForkedBooter.java:507)
at org.apache.maven.surefire.booter.ForkedBooter.main(ForkedBooter.java:495)
]]>
            </full-stacktrace>
          </exception> <!-- java.lang.AssertionError -->
          <reporter-output>
          </reporter-output>
        </test-method> <!-- ValidLoginTest -->
        <test-method is-config="true" signature="tearDown()[pri:0, instance:com.salesforce.testcases.SFDCLoginTestCases@48793bef]" started-at="2024-12-15T22:58:43 GMT-06:00" name="tearDown" finished-at="2024-12-15T22:58:43 GMT-06:00" duration-ms="87" status="PASS">
          <reporter-output>
          </reporter-output>
        </test-method> <!-- tearDown -->
        <test-method is-config="true" signature="BrowserLaunch()[pri:0, instance:com.salesforce.testcases.SFDCLoginTestCases@48793bef]" started-at="2024-12-15T22:58:43 GMT-06:00" name="BrowserLaunch" finished-at="2024-12-15T22:58:44 GMT-06:00" duration-ms="1138" status="PASS">
          <reporter-output>
          </reporter-output>
        </test-method> <!-- BrowserLaunch -->
        <test-method signature="RemberMeChkBoxTest()[pri:3, instance:com.salesforce.testcases.SFDCLoginTestCases@48793bef]" started-at="2024-12-15T22:58:44 GMT-06:00" name="RemberMeChkBoxTest" finished-at="2024-12-15T22:58:48 GMT-06:00" duration-ms="3393" status="PASS">
          <reporter-output>
          </reporter-output>
        </test-method> <!-- RemberMeChkBoxTest -->
        <test-method is-config="true" signature="tearDown()[pri:0, instance:com.salesforce.testcases.SFDCLoginTestCases@48793bef]" started-at="2024-12-15T22:58:48 GMT-06:00" name="tearDown" finished-at="2024-12-15T22:58:48 GMT-06:00" duration-ms="87" status="PASS">
          <reporter-output>
          </reporter-output>
        </test-method> <!-- tearDown -->
        <test-method is-config="true" signature="BrowserLaunch()[pri:0, instance:com.salesforce.testcases.SFDCLoginTestCases@48793bef]" started-at="2024-12-15T22:58:48 GMT-06:00" name="BrowserLaunch" finished-at="2024-12-15T22:58:49 GMT-06:00" duration-ms="1521" status="PASS">
          <reporter-output>
          </reporter-output>
        </test-method> <!-- BrowserLaunch -->
        <test-method signature="CheckforIncorrectCrdentials()[pri:5, instance:com.salesforce.testcases.SFDCLoginTestCases@48793bef]" started-at="2024-12-15T22:58:49 GMT-06:00" name="CheckforIncorrectCrdentials" finished-at="2024-12-15T22:58:49 GMT-06:00" duration-ms="259" status="PASS">
          <reporter-output>
          </reporter-output>
        </test-method> <!-- CheckforIncorrectCrdentials -->
        <test-method is-config="true" signature="tearDown()[pri:0, instance:com.salesforce.testcases.SFDCLoginTestCases@48793bef]" started-at="2024-12-15T22:58:49 GMT-06:00" name="tearDown" finished-at="2024-12-15T22:58:49 GMT-06:00" duration-ms="78" status="PASS">
          <reporter-output>
          </reporter-output>
        </test-method> <!-- tearDown -->
      </class> <!-- com.salesforce.testcases.SFDCLoginTestCases -->
    </test> <!-- Sales Force Test Case -->
  </suite> <!-- Sales Force Test Automation Suite -->
</testng-results>
