<?xml version="1.0" encoding="UTF-8"?>
<testng-results ignored="0" total="4" passed="3" failed="1" skipped="0">
  <reporter-output>
  </reporter-output>
  <suite started-at="2024-12-13T20:16:49 GMT-06:00" name="Sales Force Test Automation Suite" finished-at="2024-12-13T20:17:03 GMT-06:00" duration-ms="13638">
    <groups>
    </groups>
    <test started-at="2024-12-13T20:16:49 GMT-06:00" name="Sales Force Test Case" finished-at="2024-12-13T20:17:03 GMT-06:00" duration-ms="13638">
      <class name="com.salesforce.testcases.SFDCLoginTestCases">
        <test-method is-config="true" signature="BrowserLaunch()[pri:0, instance:com.salesforce.testcases.SFDCLoginTestCases@4c012563]" started-at="2024-12-13T20:16:49 GMT-06:00" name="BrowserLaunch" finished-at="2024-12-13T20:16:52 GMT-06:00" duration-ms="2177" status="PASS">
          <reporter-output>
          </reporter-output>
        </test-method> <!-- BrowserLaunch -->
        <test-method signature="PasswordFeildEmptyTest()[pri:1, instance:com.salesforce.testcases.SFDCLoginTestCases@4c012563]" started-at="2024-12-13T20:16:52 GMT-06:00" name="PasswordFeildEmptyTest" finished-at="2024-12-13T20:16:53 GMT-06:00" duration-ms="1590" status="PASS">
          <reporter-output>
          </reporter-output>
        </test-method> <!-- PasswordFeildEmptyTest -->
        <test-method is-config="true" signature="tearDown()[pri:0, instance:com.salesforce.testcases.SFDCLoginTestCases@4c012563]" started-at="2024-12-13T20:16:53 GMT-06:00" name="tearDown" finished-at="2024-12-13T20:16:53 GMT-06:00" duration-ms="87" status="PASS">
          <reporter-output>
          </reporter-output>
        </test-method> <!-- tearDown -->
        <test-method is-config="true" signature="BrowserLaunch()[pri:0, instance:com.salesforce.testcases.SFDCLoginTestCases@4c012563]" started-at="2024-12-13T20:16:53 GMT-06:00" name="BrowserLaunch" finished-at="2024-12-13T20:16:54 GMT-06:00" duration-ms="1194" status="PASS">
          <reporter-output>
          </reporter-output>
        </test-method> <!-- BrowserLaunch -->
        <test-method signature="ValidLoginTest()[pri:2, instance:com.salesforce.testcases.SFDCLoginTestCases@4c012563]" started-at="2024-12-13T20:16:54 GMT-06:00" name="ValidLoginTest" finished-at="2024-12-13T20:16:57 GMT-06:00" duration-ms="2854" status="FAIL">
          <exception class="java.lang.AssertionError">
            <message>
              <![CDATA[TestCase02 passed expected [Home Page ~ Salesforce - Developer Edition] but found []]]>
            </message>
            <full-stacktrace>
              <![CDATA[java.lang.AssertionError: TestCase02 passed expected [Home Page ~ Salesforce - Developer Edition] but found []
at org.testng.Assert.fail(Assert.java:99)
at org.testng.Assert.failNotEquals(Assert.java:1037)
at org.testng.Assert.assertEqualsImpl(Assert.java:140)
at org.testng.Assert.assertEquals(Assert.java:122)
at org.testng.Assert.assertEquals(Assert.java:629)
at com.salesforce.testcases.SFDCLoginTestCases.ValidLoginTest(SFDCLoginTestCases.java:60)
at java.base/jdk.internal.reflect.DirectMethodHandleAccessor.invoke(DirectMethodHandleAccessor.java:103)
at java.base/java.lang.reflect.Method.invoke(Method.java:580)
at org.testng.internal.MethodInvocationHelper.invokeMethod(MethodInvocationHelper.java:133)
at org.testng.internal.TestInvoker.invokeMethod(TestInvoker.java:598)
at org.testng.internal.TestInvoker.invokeTestMethod(TestInvoker.java:173)
at org.testng.internal.MethodRunner.runInSequence(MethodRunner.java:46)
at org.testng.internal.TestInvoker$MethodInvocationAgent.invoke(TestInvoker.java:824)
at org.testng.internal.TestInvoker.invokeTestMethods(TestInvoker.java:146)
at org.testng.internal.TestMethodWorker.invokeTestMethods(TestMethodWorker.java:146)
at org.testng.internal.TestMethodWorker.run(TestMethodWorker.java:128)
at java.base/java.util.ArrayList.forEach(ArrayList.java:1596)
at org.testng.TestRunner.privateRun(TestRunner.java:794)
at org.testng.TestRunner.run(TestRunner.java:596)
at org.testng.SuiteRunner.runTest(SuiteRunner.java:377)
at org.testng.SuiteRunner.runSequentially(SuiteRunner.java:371)
at org.testng.SuiteRunner.privateRun(SuiteRunner.java:332)
at org.testng.SuiteRunner.run(SuiteRunner.java:276)
at org.testng.SuiteRunnerWorker.runSuite(SuiteRunnerWorker.java:53)
at org.testng.SuiteRunnerWorker.run(SuiteRunnerWorker.java:96)
at org.testng.TestNG.runSuitesSequentially(TestNG.java:1212)
at org.testng.TestNG.runSuitesLocally(TestNG.java:1134)
at org.testng.TestNG.runSuites(TestNG.java:1063)
at org.testng.TestNG.run(TestNG.java:1031)
at org.testng.remote.AbstractRemoteTestNG.run(AbstractRemoteTestNG.java:115)
at org.testng.remote.RemoteTestNG.initAndRun(RemoteTestNG.java:293)
at org.testng.remote.RemoteTestNG.main(RemoteTestNG.java:91)
]]>
            </full-stacktrace>
          </exception> <!-- java.lang.AssertionError -->
          <reporter-output>
          </reporter-output>
        </test-method> <!-- ValidLoginTest -->
        <test-method is-config="true" signature="tearDown()[pri:0, instance:com.salesforce.testcases.SFDCLoginTestCases@4c012563]" started-at="2024-12-13T20:16:57 GMT-06:00" name="tearDown" finished-at="2024-12-13T20:16:57 GMT-06:00" duration-ms="95" status="PASS">
          <reporter-output>
          </reporter-output>
        </test-method> <!-- tearDown -->
        <test-method is-config="true" signature="BrowserLaunch()[pri:0, instance:com.salesforce.testcases.SFDCLoginTestCases@4c012563]" started-at="2024-12-13T20:16:57 GMT-06:00" name="BrowserLaunch" finished-at="2024-12-13T20:16:58 GMT-06:00" duration-ms="1110" status="PASS">
          <reporter-output>
          </reporter-output>
        </test-method> <!-- BrowserLaunch -->
        <test-method signature="RemberMeChkBoxTest()[pri:3, instance:com.salesforce.testcases.SFDCLoginTestCases@4c012563]" started-at="2024-12-13T20:16:58 GMT-06:00" name="RemberMeChkBoxTest" finished-at="2024-12-13T20:17:01 GMT-06:00" duration-ms="2655" status="PASS">
          <reporter-output>
          </reporter-output>
        </test-method> <!-- RemberMeChkBoxTest -->
        <test-method is-config="true" signature="tearDown()[pri:0, instance:com.salesforce.testcases.SFDCLoginTestCases@4c012563]" started-at="2024-12-13T20:17:01 GMT-06:00" name="tearDown" finished-at="2024-12-13T20:17:01 GMT-06:00" duration-ms="94" status="PASS">
          <reporter-output>
          </reporter-output>
        </test-method> <!-- tearDown -->
        <test-method is-config="true" signature="BrowserLaunch()[pri:0, instance:com.salesforce.testcases.SFDCLoginTestCases@4c012563]" started-at="2024-12-13T20:17:01 GMT-06:00" name="BrowserLaunch" finished-at="2024-12-13T20:17:03 GMT-06:00" duration-ms="1301" status="PASS">
          <reporter-output>
          </reporter-output>
        </test-method> <!-- BrowserLaunch -->
        <test-method signature="CheckforIncorrectCrdentials()[pri:5, instance:com.salesforce.testcases.SFDCLoginTestCases@4c012563]" started-at="2024-12-13T20:17:03 GMT-06:00" name="CheckforIncorrectCrdentials" finished-at="2024-12-13T20:17:03 GMT-06:00" duration-ms="378" status="PASS">
          <reporter-output>
          </reporter-output>
        </test-method> <!-- CheckforIncorrectCrdentials -->
        <test-method is-config="true" signature="tearDown()[pri:0, instance:com.salesforce.testcases.SFDCLoginTestCases@4c012563]" started-at="2024-12-13T20:17:03 GMT-06:00" name="tearDown" finished-at="2024-12-13T20:17:03 GMT-06:00" duration-ms="84" status="PASS">
          <reporter-output>
          </reporter-output>
        </test-method> <!-- tearDown -->
      </class> <!-- com.salesforce.testcases.SFDCLoginTestCases -->
    </test> <!-- Sales Force Test Case -->
  </suite> <!-- Sales Force Test Automation Suite -->
</testng-results>
